<?xml version="1.0" encoding="UTF-8"?>
<testsuite xmlns:xsi="http://www.w3.org/2001/XMLSchema-instance" xsi:noNamespaceSchemaLocation="https://maven.apache.org/surefire/maven-surefire-plugin/xsd/surefire-test-report-3.0.xsd" version="3.0" name="assignment02.dao.DriverDAOImplTest" time="0.302" tests="9" errors="0" skipped="0" failures="1">
  <properties>
[...]
</properties>
  <testcase name="fetchDriverWithHighestSalary" classname="assignment02.dao.DriverDAOImplTest" time="0.051">
    <system-out><![CDATA[Hibernate Java Config serviceRegistry created
Hibernate: alter table if exists driver drop constraint if exists FKcyntrio0y6yc4ms2jqfd1qvo7
Hibernate: drop table if exists driver cascade
Hibernate: drop table if exists truck cascade
Hibernate: create table driver (employment_date date, salary numeric(38,2) not null, truck_id integer, id varchar(25) not null, name varchar(255) not null, surname varchar(255) not null, primary key (id))
Hibernate: create table truck (capacity integer not null, id serial not null, is_available boolean not null, brand varchar(255) not null, registration_number varchar(255) not null, primary key (id))
Hibernate: alter table if exists driver add constraint FKcyntrio0y6yc4ms2jqfd1qvo7 foreign key (truck_id) references truck
ID is valid and data is persisted
ID is valid and data is persisted
ID is valid and data is persisted
ID is valid and data is persisted
Hibernate: insert into driver (employment_date,name,salary,surname,truck_id,id) values (?,?,?,?,?,?)
Hibernate: insert into driver (employment_date,name,salary,surname,truck_id,id) values (?,?,?,?,?,?)
Hibernate: insert into driver (employment_date,name,salary,surname,truck_id,id) values (?,?,?,?,?,?)
Hibernate: insert into driver (employment_date,name,salary,surname,truck_id,id) values (?,?,?,?,?,?)
Hibernate: select d1_0.id,d1_0.employment_date,d1_0.name,d1_0.salary,d1_0.surname,d1_0.truck_id from driver d1_0 order by d1_0.salary desc fetch first ? rows only
]]></system-out>
    <system-err><![CDATA[Mar 11, 2024 7:14:43 PM org.hibernate.engine.jdbc.connections.internal.DriverManagerConnectionProviderImpl configure
WARN: HHH10001002: Using built-in connection pool (not intended for production use)
Mar 11, 2024 7:14:43 PM org.hibernate.engine.jdbc.connections.internal.DriverManagerConnectionProviderImpl buildCreator
INFO: HHH10001005: Loaded JDBC driver class: org.testcontainers.jdbc.ContainerDatabaseDriver
Mar 11, 2024 7:14:43 PM org.hibernate.engine.jdbc.connections.internal.DriverManagerConnectionProviderImpl buildCreator
INFO: HHH10001012: Connecting with JDBC URL [jdbc:tc:postgresql:15.3-alpine3.18:///test-db]
Mar 11, 2024 7:14:43 PM org.hibernate.engine.jdbc.connections.internal.DriverManagerConnectionProviderImpl buildCreator
INFO: HHH10001001: Connection properties: {password=****, user=postgres}
Mar 11, 2024 7:14:43 PM org.hibernate.engine.jdbc.connections.internal.DriverManagerConnectionProviderImpl buildCreator
INFO: HHH10001003: Autocommit mode: false
Mar 11, 2024 7:14:43 PM org.hibernate.engine.jdbc.connections.internal.DriverManagerConnectionProviderImpl$PooledConnections <init>
INFO: HHH10001115: Connection pool size: 20 (min=1)
Mar 11, 2024 7:14:43 PM org.hibernate.bytecode.internal.BytecodeProviderInitiator buildBytecodeProvider
INFO: HHH000021: Bytecode provider name : bytebuddy
Mar 11, 2024 7:14:43 PM org.hibernate.engine.transaction.jta.platform.internal.JtaPlatformInitiator initiateService
INFO: HHH000490: Using JtaPlatform implementation: [org.hibernate.engine.transaction.jta.platform.internal.NoJtaPlatform]
Mar 11, 2024 7:14:43 PM org.hibernate.resource.transaction.backend.jdbc.internal.DdlTransactionIsolatorNonJtaImpl getIsolatedConnection
INFO: HHH10001501: Connection obtained from JdbcConnectionAccess [org.hibernate.engine.jdbc.env.internal.JdbcEnvironmentInitiator$ConnectionProviderJdbcConnectionAccess@581e8969] for (non-JTA) DDL execution was not in auto-commit mode; the Connection 'local transaction' will be committed and the Connection will be set into auto-commit mode.
Mar 11, 2024 7:14:43 PM org.hibernate.engine.jdbc.spi.SqlExceptionHelper$StandardWarningHandler logWarning
WARN: SQL Warning Code: 0, SQLState: 00000
Mar 11, 2024 7:14:43 PM org.hibernate.engine.jdbc.spi.SqlExceptionHelper$StandardWarningHandler logWarning
WARN: relation "driver" does not exist, skipping
Mar 11, 2024 7:14:43 PM org.hibernate.engine.jdbc.spi.SqlExceptionHelper$StandardWarningHandler logWarning
WARN: SQL Warning Code: 0, SQLState: 00000
Mar 11, 2024 7:14:43 PM org.hibernate.engine.jdbc.spi.SqlExceptionHelper$StandardWarningHandler logWarning
WARN: table "driver" does not exist, skipping
Mar 11, 2024 7:14:43 PM org.hibernate.engine.jdbc.spi.SqlExceptionHelper$StandardWarningHandler logWarning
WARN: SQL Warning Code: 0, SQLState: 00000
Mar 11, 2024 7:14:43 PM org.hibernate.engine.jdbc.spi.SqlExceptionHelper$StandardWarningHandler logWarning
WARN: table "truck" does not exist, skipping
Mar 11, 2024 7:14:43 PM org.hibernate.resource.transaction.backend.jdbc.internal.DdlTransactionIsolatorNonJtaImpl getIsolatedConnection
INFO: HHH10001501: Connection obtained from JdbcConnectionAccess [org.hibernate.engine.jdbc.env.internal.JdbcEnvironmentInitiator$ConnectionProviderJdbcConnectionAccess@767b9d66] for (non-JTA) DDL execution was not in auto-commit mode; the Connection 'local transaction' will be committed and the Connection will be set into auto-commit mode.
]]></system-err>
  </testcase>
  <testcase name="fetchAllDriversWithSalaryGreaterThan10000" classname="assignment02.dao.DriverDAOImplTest" time="0.009">
    <system-out><![CDATA[ID is valid and data is persisted
ID is valid and data is persisted
ID is valid and data is persisted
ID is valid and data is persisted
Hibernate: insert into driver (employment_date,name,salary,surname,truck_id,id) values (?,?,?,?,?,?)
Hibernate: insert into driver (employment_date,name,salary,surname,truck_id,id) values (?,?,?,?,?,?)
Hibernate: insert into driver (employment_date,name,salary,surname,truck_id,id) values (?,?,?,?,?,?)
Hibernate: insert into driver (employment_date,name,salary,surname,truck_id,id) values (?,?,?,?,?,?)
]]></system-out>
  </testcase>
  <testcase name="updateDriver" classname="assignment02.dao.DriverDAOImplTest" time="0.018">
    <system-out><![CDATA[ID is valid and data is persisted
ID is valid and data is persisted
ID is valid and data is persisted
ID is valid and data is persisted
Hibernate: insert into driver (employment_date,name,salary,surname,truck_id,id) values (?,?,?,?,?,?)
Hibernate: insert into driver (employment_date,name,salary,surname,truck_id,id) values (?,?,?,?,?,?)
Hibernate: insert into driver (employment_date,name,salary,surname,truck_id,id) values (?,?,?,?,?,?)
Hibernate: insert into driver (employment_date,name,salary,surname,truck_id,id) values (?,?,?,?,?,?)
Hibernate: select d1_0.id,d1_0.employment_date,d1_0.name,d1_0.salary,d1_0.surname,t1_0.id,t1_0.brand,t1_0.capacity,t1_0.is_available,t1_0.registration_number from driver d1_0 left join truck t1_0 on t1_0.id=d1_0.truck_id where d1_0.id=?
Hibernate: select d1_0.id,d1_0.employment_date,d1_0.name,d1_0.salary,d1_0.surname,t1_0.id,t1_0.brand,t1_0.capacity,t1_0.is_available,t1_0.registration_number from driver d1_0 left join truck t1_0 on t1_0.id=d1_0.truck_id where d1_0.id=?
Hibernate: update driver set employment_date=?,name=?,salary=?,surname=?,truck_id=? where id=?
]]></system-out>
  </testcase>
  <testcase name="deleteDriver" classname="assignment02.dao.DriverDAOImplTest" time="0.012">
    <system-out><![CDATA[ID is valid and data is persisted
ID is valid and data is persisted
ID is valid and data is persisted
ID is valid and data is persisted
Hibernate: insert into driver (employment_date,name,salary,surname,truck_id,id) values (?,?,?,?,?,?)
Hibernate: insert into driver (employment_date,name,salary,surname,truck_id,id) values (?,?,?,?,?,?)
Hibernate: insert into driver (employment_date,name,salary,surname,truck_id,id) values (?,?,?,?,?,?)
Hibernate: insert into driver (employment_date,name,salary,surname,truck_id,id) values (?,?,?,?,?,?)
Hibernate: select d1_0.id,d1_0.employment_date,d1_0.name,d1_0.salary,d1_0.surname,t1_0.id,t1_0.brand,t1_0.capacity,t1_0.is_available,t1_0.registration_number from driver d1_0 left join truck t1_0 on t1_0.id=d1_0.truck_id where d1_0.id=?
]]></system-out>
  </testcase>
  <testcase name="fetchHighestSalary" classname="assignment02.dao.DriverDAOImplTest" time="0.032">
    <system-out><![CDATA[ID is valid and data is persisted
ID is valid and data is persisted
ID is valid and data is persisted
ID is valid and data is persisted
Hibernate: insert into driver (employment_date,name,salary,surname,truck_id,id) values (?,?,?,?,?,?)
Hibernate: insert into driver (employment_date,name,salary,surname,truck_id,id) values (?,?,?,?,?,?)
Hibernate: insert into driver (employment_date,name,salary,surname,truck_id,id) values (?,?,?,?,?,?)
Hibernate: insert into driver (employment_date,name,salary,surname,truck_id,id) values (?,?,?,?,?,?)
Hibernate: select max(d1_0.salary) from driver d1_0
]]></system-out>
  </testcase>
  <testcase name="getDriverById" classname="assignment02.dao.DriverDAOImplTest" time="0.01">
    <system-out><![CDATA[ID is valid and data is persisted
ID is valid and data is persisted
ID is valid and data is persisted
ID is valid and data is persisted
Hibernate: insert into driver (employment_date,name,salary,surname,truck_id,id) values (?,?,?,?,?,?)
Hibernate: insert into driver (employment_date,name,salary,surname,truck_id,id) values (?,?,?,?,?,?)
Hibernate: insert into driver (employment_date,name,salary,surname,truck_id,id) values (?,?,?,?,?,?)
Hibernate: insert into driver (employment_date,name,salary,surname,truck_id,id) values (?,?,?,?,?,?)
Hibernate: select d1_0.id,d1_0.employment_date,d1_0.name,d1_0.salary,d1_0.surname,t1_0.id,t1_0.brand,t1_0.capacity,t1_0.is_available,t1_0.registration_number from driver d1_0 left join truck t1_0 on t1_0.id=d1_0.truck_id where d1_0.id=?
]]></system-out>
  </testcase>
  <testcase name="saveDriver" classname="assignment02.dao.DriverDAOImplTest" time="0.022">
    <system-out><![CDATA[ID is valid and data is persisted
ID is valid and data is persisted
ID is valid and data is persisted
ID is valid and data is persisted
Hibernate: insert into driver (employment_date,name,salary,surname,truck_id,id) values (?,?,?,?,?,?)
Hibernate: insert into driver (employment_date,name,salary,surname,truck_id,id) values (?,?,?,?,?,?)
Hibernate: insert into driver (employment_date,name,salary,surname,truck_id,id) values (?,?,?,?,?,?)
Hibernate: insert into driver (employment_date,name,salary,surname,truck_id,id) values (?,?,?,?,?,?)
ID is valid and data is persisted
Hibernate: insert into driver (employment_date,name,salary,surname,truck_id,id) values (?,?,?,?,?,?)
Hibernate: select d1_0.id,d1_0.employment_date,d1_0.name,d1_0.salary,d1_0.surname,d1_0.truck_id from driver d1_0 where d1_0.name=? and d1_0.surname=?
]]></system-out>
  </testcase>
  <testcase name="fetchFirstNameOfAllDrivers" classname="assignment02.dao.DriverDAOImplTest" time="0.011">
    <system-out><![CDATA[ID is valid and data is persisted
ID is valid and data is persisted
ID is valid and data is persisted
ID is valid and data is persisted
Hibernate: insert into driver (employment_date,name,salary,surname,truck_id,id) values (?,?,?,?,?,?)
Hibernate: insert into driver (employment_date,name,salary,surname,truck_id,id) values (?,?,?,?,?,?)
Hibernate: insert into driver (employment_date,name,salary,surname,truck_id,id) values (?,?,?,?,?,?)
Hibernate: insert into driver (employment_date,name,salary,surname,truck_id,id) values (?,?,?,?,?,?)
Hibernate: select d1_0.name from driver d1_0
]]></system-out>
  </testcase>
  <testcase name="calculateNumberOfDrivers" classname="assignment02.dao.DriverDAOImplTest" time="0.022">
    <failure message="expected: &lt;37&gt; but was: &lt;4&gt;" type="org.opentest4j.AssertionFailedError"><![CDATA[org.opentest4j.AssertionFailedError: expected: <37> but was: <4>
	at org.junit.jupiter.api.AssertionUtils.fail(AssertionUtils.java:55)
	at org.junit.jupiter.api.AssertionUtils.failNotEqual(AssertionUtils.java:62)
	at org.junit.jupiter.api.AssertEquals.assertEquals(AssertEquals.java:166)
	at org.junit.jupiter.api.AssertEquals.assertEquals(AssertEquals.java:161)
	at org.junit.jupiter.api.Assertions.assertEquals(Assertions.java:611)
	at assignment02.dao.DriverDAOImplTest.calculateNumberOfDrivers(DriverDAOImplTest.java:129)
	at java.base/jdk.internal.reflect.NativeMethodAccessorImpl.invoke0(Native Method)
	at java.base/jdk.internal.reflect.NativeMethodAccessorImpl.invoke(NativeMethodAccessorImpl.java:77)
	at java.base/jdk.internal.reflect.DelegatingMethodAccessorImpl.invoke(DelegatingMethodAccessorImpl.java:43)
	at java.base/java.lang.reflect.Method.invoke(Method.java:568)
	at org.junit.platform.commons.util.ReflectionUtils.invokeMethod(ReflectionUtils.java:688)
	at org.junit.jupiter.engine.execution.MethodInvocation.proceed(MethodInvocation.java:60)
	at org.junit.jupiter.engine.execution.InvocationInterceptorChain$ValidatingInvocation.proceed(InvocationInterceptorChain.java:131)
	at org.junit.jupiter.engine.extension.TimeoutExtension.intercept(TimeoutExtension.java:149)
	at org.junit.jupiter.engine.extension.TimeoutExtension.interceptTestableMethod(TimeoutExtension.java:140)
	at org.junit.jupiter.engine.extension.TimeoutExtension.interceptTestMethod(TimeoutExtension.java:84)
	at org.junit.jupiter.engine.execution.ExecutableInvoker$ReflectiveInterceptorCall.lambda$ofVoidMethod$0(ExecutableInvoker.java:115)
	at org.junit.jupiter.engine.execution.ExecutableInvoker.lambda$invoke$0(ExecutableInvoker.java:105)
	at org.junit.jupiter.engine.execution.InvocationInterceptorChain$InterceptedInvocation.proceed(InvocationInterceptorChain.java:106)
	at org.junit.jupiter.engine.execution.InvocationInterceptorChain.proceed(InvocationInterceptorChain.java:64)
	at org.junit.jupiter.engine.execution.InvocationInterceptorChain.chainAndInvoke(InvocationInterceptorChain.java:45)
	at org.junit.jupiter.engine.execution.InvocationInterceptorChain.invoke(InvocationInterceptorChain.java:37)
	at org.junit.jupiter.engine.execution.ExecutableInvoker.invoke(ExecutableInvoker.java:104)
	at org.junit.jupiter.engine.execution.ExecutableInvoker.invoke(ExecutableInvoker.java:98)
	at org.junit.jupiter.engine.descriptor.TestMethodTestDescriptor.lambda$invokeTestMethod$6(TestMethodTestDescriptor.java:210)
	at org.junit.platform.engine.support.hierarchical.ThrowableCollector.execute(ThrowableCollector.java:73)
	at org.junit.jupiter.engine.descriptor.TestMethodTestDescriptor.invokeTestMethod(TestMethodTestDescriptor.java:206)
	at org.junit.jupiter.engine.descriptor.TestMethodTestDescriptor.execute(TestMethodTestDescriptor.java:131)
	at org.junit.jupiter.engine.descriptor.TestMethodTestDescriptor.execute(TestMethodTestDescriptor.java:65)
	at org.junit.platform.engine.support.hierarchical.NodeTestTask.lambda$executeRecursively$5(NodeTestTask.java:139)
	at org.junit.platform.engine.support.hierarchical.ThrowableCollector.execute(ThrowableCollector.java:73)
	at org.junit.platform.engine.support.hierarchical.NodeTestTask.lambda$executeRecursively$7(NodeTestTask.java:129)
	at org.junit.platform.engine.support.hierarchical.Node.around(Node.java:137)
	at org.junit.platform.engine.support.hierarchical.NodeTestTask.lambda$executeRecursively$8(NodeTestTask.java:127)
	at org.junit.platform.engine.support.hierarchical.ThrowableCollector.execute(ThrowableCollector.java:73)
	at org.junit.platform.engine.support.hierarchical.NodeTestTask.executeRecursively(NodeTestTask.java:126)
	at org.junit.platform.engine.support.hierarchical.NodeTestTask.execute(NodeTestTask.java:84)
	at java.base/java.util.ArrayList.forEach(ArrayList.java:1511)
	at org.junit.platform.engine.support.hierarchical.SameThreadHierarchicalTestExecutorService.invokeAll(SameThreadHierarchicalTestExecutorService.java:38)
	at org.junit.platform.engine.support.hierarchical.NodeTestTask.lambda$executeRecursively$5(NodeTestTask.java:143)
	at org.junit.platform.engine.support.hierarchical.ThrowableCollector.execute(ThrowableCollector.java:73)
	at org.junit.platform.engine.support.hierarchical.NodeTestTask.lambda$executeRecursively$7(NodeTestTask.java:129)
	at org.junit.platform.engine.support.hierarchical.Node.around(Node.java:137)
	at org.junit.platform.engine.support.hierarchical.NodeTestTask.lambda$executeRecursively$8(NodeTestTask.java:127)
	at org.junit.platform.engine.support.hierarchical.ThrowableCollector.execute(ThrowableCollector.java:73)
	at org.junit.platform.engine.support.hierarchical.NodeTestTask.executeRecursively(NodeTestTask.java:126)
	at org.junit.platform.engine.support.hierarchical.NodeTestTask.execute(NodeTestTask.java:84)
	at java.base/java.util.ArrayList.forEach(ArrayList.java:1511)
	at org.junit.platform.engine.support.hierarchical.SameThreadHierarchicalTestExecutorService.invokeAll(SameThreadHierarchicalTestExecutorService.java:38)
	at org.junit.platform.engine.support.hierarchical.NodeTestTask.lambda$executeRecursively$5(NodeTestTask.java:143)
	at org.junit.platform.engine.support.hierarchical.ThrowableCollector.execute(ThrowableCollector.java:73)
	at org.junit.platform.engine.support.hierarchical.NodeTestTask.lambda$executeRecursively$7(NodeTestTask.java:129)
	at org.junit.platform.engine.support.hierarchical.Node.around(Node.java:137)
	at org.junit.platform.engine.support.hierarchical.NodeTestTask.lambda$executeRecursively$8(NodeTestTask.java:127)
	at org.junit.platform.engine.support.hierarchical.ThrowableCollector.execute(ThrowableCollector.java:73)
	at org.junit.platform.engine.support.hierarchical.NodeTestTask.executeRecursively(NodeTestTask.java:126)
	at org.junit.platform.engine.support.hierarchical.NodeTestTask.execute(NodeTestTask.java:84)
	at org.junit.platform.engine.support.hierarchical.SameThreadHierarchicalTestExecutorService.submit(SameThreadHierarchicalTestExecutorService.java:32)
	at org.junit.platform.engine.support.hierarchical.HierarchicalTestExecutor.execute(HierarchicalTestExecutor.java:57)
	at org.junit.platform.engine.support.hierarchical.HierarchicalTestEngine.execute(HierarchicalTestEngine.java:51)
	at org.junit.platform.launcher.core.EngineExecutionOrchestrator.execute(EngineExecutionOrchestrator.java:108)
	at org.junit.platform.launcher.core.EngineExecutionOrchestrator.execute(EngineExecutionOrchestrator.java:88)
	at org.junit.platform.launcher.core.EngineExecutionOrchestrator.lambda$execute$0(EngineExecutionOrchestrator.java:54)
	at org.junit.platform.launcher.core.EngineExecutionOrchestrator.withInterceptedStreams(EngineExecutionOrchestrator.java:67)
	at org.junit.platform.launcher.core.EngineExecutionOrchestrator.execute(EngineExecutionOrchestrator.java:52)
	at org.junit.platform.launcher.core.DefaultLauncher.execute(DefaultLauncher.java:96)
	at org.junit.platform.launcher.core.DefaultLauncher.execute(DefaultLauncher.java:75)
	at org.apache.maven.surefire.junitplatform.LazyLauncher.execute(LazyLauncher.java:50)
	at org.apache.maven.surefire.junitplatform.JUnitPlatformProvider.execute(JUnitPlatformProvider.java:184)
	at org.apache.maven.surefire.junitplatform.JUnitPlatformProvider.invokeAllTests(JUnitPlatformProvider.java:148)
	at org.apache.maven.surefire.junitplatform.JUnitPlatformProvider.invoke(JUnitPlatformProvider.java:122)
	at org.apache.maven.surefire.booter.ForkedBooter.runSuitesInProcess(ForkedBooter.java:385)
	at org.apache.maven.surefire.booter.ForkedBooter.execute(ForkedBooter.java:162)
	at org.apache.maven.surefire.booter.ForkedBooter.run(ForkedBooter.java:507)
	at org.apache.maven.surefire.booter.ForkedBooter.main(ForkedBooter.java:495)
]]></failure>
    <system-out><![CDATA[ID is valid and data is persisted
ID is valid and data is persisted
ID is valid and data is persisted
ID is valid and data is persisted
Hibernate: insert into driver (employment_date,name,salary,surname,truck_id,id) values (?,?,?,?,?,?)
Hibernate: insert into driver (employment_date,name,salary,surname,truck_id,id) values (?,?,?,?,?,?)
Hibernate: insert into driver (employment_date,name,salary,surname,truck_id,id) values (?,?,?,?,?,?)
Hibernate: insert into driver (employment_date,name,salary,surname,truck_id,id) values (?,?,?,?,?,?)
Hibernate: select d1_0.id,d1_0.employment_date,d1_0.name,d1_0.salary,d1_0.surname,d1_0.truck_id from driver d1_0
]]></system-out>
  </testcase>
</testsuite>