<?xml version="1.0" encoding="UTF-8"?>
<testsuite xmlns:xsi="http://www.w3.org/2001/XMLSchema-instance" xsi:noNamespaceSchemaLocation="https://maven.apache.org/surefire/maven-surefire-plugin/xsd/surefire-test-report-3.0.xsd" version="3.0" name="DolphinDAOTest" time="2.831" tests="4" errors="0" skipped="0" failures="0">
  <properties>
[...]
</properties>
  <testcase name="create" classname="DolphinDAOTest" time="2.761">
    <system-out><![CDATA[Hibernate Java Config serviceRegistry created
Hibernate: alter table if exists Fee drop constraint if exists FKm4avbamv838iqlvt6nul323ak
Hibernate: alter table if exists Note drop constraint if exists FKcqjnh85fbt2qbfvx1uch2uqv9
Hibernate: alter table if exists PersonDetail drop constraint if exists FKagbw3rwf7u7omd3rgnuj29oeu
Hibernate: drop table if exists Fee cascade
Hibernate: drop table if exists Note cascade
Hibernate: drop table if exists Person cascade
Hibernate: drop table if exists PersonDetail cascade
Hibernate: create table Fee (Id serial not null, amount integer not null, payDate date, person_id integer, primary key (Id))
Hibernate: create table Note (createdOn date, id serial not null, person_id integer, createdBy varchar(255), note varchar(255), primary key (id))
Hibernate: create table Person (age integer not null, id serial not null, name varchar(255), primary key (id))
Hibernate: create table PersonDetail (age integer not null, person_id integer not null, zip integer not null, Address varchar(255), city varchar(255), primary key (person_id))
Hibernate: alter table if exists Fee add constraint FKm4avbamv838iqlvt6nul323ak foreign key (person_id) references Person
Hibernate: alter table if exists Note add constraint FKcqjnh85fbt2qbfvx1uch2uqv9 foreign key (person_id) references Person
Hibernate: alter table if exists PersonDetail add constraint FKagbw3rwf7u7omd3rgnuj29oeu foreign key (person_id) references Person
Hibernate: insert into Person (age,name) values (?,?)
Hibernate: insert into Person (age,name) values (?,?)
Hibernate: insert into Person (age,name) values (?,?)
Hibernate: insert into Person (age,name) values (?,?)
Hibernate: insert into Person (age,name) values (?,?)
]]></system-out>
    <system-err><![CDATA[Mar 04, 2024 7:20:59 PM org.hibernate.Version logVersion
INFO: HHH000412: Hibernate ORM core version 6.2.4.Final
Mar 04, 2024 7:20:59 PM org.hibernate.cfg.Environment <clinit>
INFO: HHH000406: Using bytecode reflection optimizer
Mar 04, 2024 7:20:59 PM org.hibernate.engine.jdbc.connections.internal.DriverManagerConnectionProviderImpl configure
WARN: HHH10001002: Using built-in connection pool (not intended for production use)
SLF4J: Failed to load class "org.slf4j.impl.StaticLoggerBinder".
SLF4J: Defaulting to no-operation (NOP) logger implementation
SLF4J: See http://www.slf4j.org/codes.html#StaticLoggerBinder for further details.
Mar 04, 2024 7:20:59 PM org.hibernate.engine.jdbc.connections.internal.DriverManagerConnectionProviderImpl buildCreator
INFO: HHH10001005: Loaded JDBC driver class: org.testcontainers.jdbc.ContainerDatabaseDriver
Mar 04, 2024 7:20:59 PM org.hibernate.engine.jdbc.connections.internal.DriverManagerConnectionProviderImpl buildCreator
INFO: HHH10001012: Connecting with JDBC URL [jdbc:tc:postgresql:15.3-alpine3.18:///test-db]
Mar 04, 2024 7:20:59 PM org.hibernate.engine.jdbc.connections.internal.DriverManagerConnectionProviderImpl buildCreator
INFO: HHH10001001: Connection properties: {password=****, user=postgres}
Mar 04, 2024 7:20:59 PM org.hibernate.engine.jdbc.connections.internal.DriverManagerConnectionProviderImpl buildCreator
INFO: HHH10001003: Autocommit mode: false
Mar 04, 2024 7:20:59 PM org.hibernate.engine.jdbc.connections.internal.DriverManagerConnectionProviderImpl$PooledConnections <init>
INFO: HHH10001115: Connection pool size: 20 (min=1)
SLF4J: Failed to load class "org.slf4j.impl.StaticMDCBinder".
SLF4J: Defaulting to no-operation MDCAdapter implementation.
SLF4J: See http://www.slf4j.org/codes.html#no_static_mdc_binder for further details.
Mar 04, 2024 7:21:01 PM org.hibernate.bytecode.internal.BytecodeProviderInitiator buildBytecodeProvider
INFO: HHH000021: Bytecode provider name : bytebuddy
Mar 04, 2024 7:21:02 PM org.hibernate.engine.transaction.jta.platform.internal.JtaPlatformInitiator initiateService
INFO: HHH000490: Using JtaPlatform implementation: [org.hibernate.engine.transaction.jta.platform.internal.NoJtaPlatform]
Mar 04, 2024 7:21:02 PM org.hibernate.resource.transaction.backend.jdbc.internal.DdlTransactionIsolatorNonJtaImpl getIsolatedConnection
INFO: HHH10001501: Connection obtained from JdbcConnectionAccess [org.hibernate.engine.jdbc.env.internal.JdbcEnvironmentInitiator$ConnectionProviderJdbcConnectionAccess@5ac646b3] for (non-JTA) DDL execution was not in auto-commit mode; the Connection 'local transaction' will be committed and the Connection will be set into auto-commit mode.
Mar 04, 2024 7:21:02 PM org.hibernate.engine.jdbc.spi.SqlExceptionHelper$StandardWarningHandler logWarning
WARN: SQL Warning Code: 0, SQLState: 00000
Mar 04, 2024 7:21:02 PM org.hibernate.engine.jdbc.spi.SqlExceptionHelper$StandardWarningHandler logWarning
WARN: relation "fee" does not exist, skipping
Mar 04, 2024 7:21:02 PM org.hibernate.engine.jdbc.spi.SqlExceptionHelper$StandardWarningHandler logWarning
WARN: SQL Warning Code: 0, SQLState: 00000
Mar 04, 2024 7:21:02 PM org.hibernate.engine.jdbc.spi.SqlExceptionHelper$StandardWarningHandler logWarning
WARN: relation "note" does not exist, skipping
Mar 04, 2024 7:21:02 PM org.hibernate.engine.jdbc.spi.SqlExceptionHelper$StandardWarningHandler logWarning
WARN: SQL Warning Code: 0, SQLState: 00000
Mar 04, 2024 7:21:02 PM org.hibernate.engine.jdbc.spi.SqlExceptionHelper$StandardWarningHandler logWarning
WARN: relation "persondetail" does not exist, skipping
Mar 04, 2024 7:21:02 PM org.hibernate.engine.jdbc.spi.SqlExceptionHelper$StandardWarningHandler logWarning
WARN: SQL Warning Code: 0, SQLState: 00000
Mar 04, 2024 7:21:02 PM org.hibernate.engine.jdbc.spi.SqlExceptionHelper$StandardWarningHandler logWarning
WARN: table "fee" does not exist, skipping
Mar 04, 2024 7:21:02 PM org.hibernate.engine.jdbc.spi.SqlExceptionHelper$StandardWarningHandler logWarning
WARN: SQL Warning Code: 0, SQLState: 00000
Mar 04, 2024 7:21:02 PM org.hibernate.engine.jdbc.spi.SqlExceptionHelper$StandardWarningHandler logWarning
WARN: table "note" does not exist, skipping
Mar 04, 2024 7:21:02 PM org.hibernate.engine.jdbc.spi.SqlExceptionHelper$StandardWarningHandler logWarning
WARN: SQL Warning Code: 0, SQLState: 00000
Mar 04, 2024 7:21:02 PM org.hibernate.engine.jdbc.spi.SqlExceptionHelper$StandardWarningHandler logWarning
WARN: table "person" does not exist, skipping
Mar 04, 2024 7:21:02 PM org.hibernate.engine.jdbc.spi.SqlExceptionHelper$StandardWarningHandler logWarning
WARN: SQL Warning Code: 0, SQLState: 00000
Mar 04, 2024 7:21:02 PM org.hibernate.engine.jdbc.spi.SqlExceptionHelper$StandardWarningHandler logWarning
WARN: table "persondetail" does not exist, skipping
Mar 04, 2024 7:21:02 PM org.hibernate.resource.transaction.backend.jdbc.internal.DdlTransactionIsolatorNonJtaImpl getIsolatedConnection
INFO: HHH10001501: Connection obtained from JdbcConnectionAccess [org.hibernate.engine.jdbc.env.internal.JdbcEnvironmentInitiator$ConnectionProviderJdbcConnectionAccess@1397b141] for (non-JTA) DDL execution was not in auto-commit mode; the Connection 'local transaction' will be committed and the Connection will be set into auto-commit mode.
]]></system-err>
  </testcase>
  <testcase name="delete" classname="DolphinDAOTest" time="0.001"/>
  <testcase name="update" classname="DolphinDAOTest" time="0.051">
    <system-out><![CDATA[Hibernate: select p1_0.id,p1_0.age,p1_0.name,p2_0.person_id,p2_0.Address,p2_0.age,p2_0.city,p2_0.zip from Person p1_0 left join PersonDetail p2_0 on p1_0.id=p2_0.person_id where p1_0.id=?
Hibernate: select p1_0.id,p1_0.age,f1_0.person_id,f1_0.Id,f1_0.amount,f1_0.payDate,p1_0.name,p2_0.person_id,p2_0.Address,p2_0.age,p2_0.city,p2_0.zip from Person p1_0 left join Fee f1_0 on p1_0.id=f1_0.person_id left join PersonDetail p2_0 on p1_0.id=p2_0.person_id where p1_0.id=?
Hibernate: select n1_0.person_id,n1_0.id,n1_0.createdBy,n1_0.createdOn,n1_0.note from Note n1_0 where n1_0.person_id=?
Hibernate: update Person set age=?,name=? where id=?
]]></system-out>
  </testcase>
  <testcase name="read" classname="DolphinDAOTest" time="0.003">
    <system-out><![CDATA[Hibernate: select p1_0.id,p1_0.age,p1_0.name,p2_0.person_id,p2_0.Address,p2_0.age,p2_0.city,p2_0.zip from Person p1_0 left join PersonDetail p2_0 on p1_0.id=p2_0.person_id where p1_0.id=?
]]></system-out>
  </testcase>
</testsuite>